

Microchip MPLAB XC8 Assembler V3.10 build 20250813170317 
                                                                                               Thu Sep 11 17:28:39 2025

Microchip MPLAB XC8 C Compiler v3.10 (Free license) build 20250813170317 Og1 
     1                           	processor	16F887
     2                           	pagewidth 120
     3                           	opt	flic
     4                           	psect	strings,global,class=STRING,space=0,delta=2,noexec
     5                           	psect	cinit,global,class=CODE,space=0,merge=1,delta=2
     6                           	psect	bssCOMMON,global,class=COMMON,space=1,delta=1,noexec
     7                           	psect	cstackCOMMON,global,class=COMMON,space=1,delta=1,noexec
     8                           	psect	maintext,global,class=CODE,space=0,split=1,delta=2
     9                           	psect	text1,local,class=CODE,space=0,merge=1,delta=2
    10                           	psect	text2,local,class=CODE,space=0,merge=1,delta=2
    11                           	psect	config,global,abs,ovrld,class=CONFIG,space=4,delta=2,noexec
    12                           	dabs	1,0x7E,2
    13     0000                     
    14                           ; Generated 12/10/2023 GMT
    15                           ; 
    16                           ; Copyright © 2023, Microchip Technology Inc. and its subsidiaries ("Microchip")
    17                           ; All rights reserved.
    18                           ; 
    19                           ; This software is developed by Microchip Technology Inc. and its subsidiaries ("Microch
      +                          ip").
    20                           ; 
    21                           ; Redistribution and use in source and binary forms, with or without modification, are
    22                           ; permitted provided that the following conditions are met:
    23                           ; 
    24                           ;     1. Redistributions of source code must retain the above copyright notice, this lis
      +                          t of
    25                           ;        conditions and the following disclaimer.
    26                           ; 
    27                           ;     2. Redistributions in binary form must reproduce the above copyright notice, this 
      +                          list
    28                           ;        of conditions and the following disclaimer in the documentation and/or other
    29                           ;        materials provided with the distribution. Publication is not required when
    30                           ;        this file is used in an embedded application.
    31                           ; 
    32                           ;     3. Microchip's name may not be used to endorse or promote products derived from th
      +                          is
    33                           ;        software without specific prior written permission.
    34                           ; 
    35                           ; THIS SOFTWARE IS PROVIDED BY MICROCHIP "AS IS" AND ANY EXPRESS OR IMPLIED WARRANTIES,
    36                           ; INCLUDING, BUT NOT LIMITED TO, THE IMPLIED WARRANTIES OF MERCHANTABILITY AND FITNESS F
      +                          OR
    37                           ; PURPOSE ARE DISCLAIMED.  IN NO EVENT SHALL MICROCHIP BE LIABLE FOR ANY DIRECT, INDIREC
      +                          T,
    38                           ; INCIDENTAL, SPECIAL, EXEMPLARY, OR CONSEQUENTIAL DAMAGES (INCLUDING BUT NOT LIMITED TO
    39                           ; PROCUREMENT OF SUBSTITUTE GOODS OR SERVICES; LOSS OF USE, DATA OR PROFITS; OR BUSINESS
    40                           ; INTERRUPTION) HOWSOEVER CAUSED AND ON ANY THEORY OF LIABILITY, WHETHER IN CONTRACT, ST
      +                          RICT
    41                           ; LIABILITY, OR TORT (INCLUDING NEGLIGENCE OR OTHERWISE) ARISING IN ANY WAY OUT OF THE U
      +                          SE OF
    42                           ; THIS SOFTWARE, EVEN IF ADVISED OF THE POSSIBILITY OF SUCH DAMAGE.
    43                           ; 
    44                           ; 
    45                           ; Code-generator required, PIC16F887 Definitions
    46                           ; 
    47                           ; SFR Addresses
    48     0004                     fsr             equ	4
    49     0004                     fsr0            equ	4
    50     0000                     indf            equ	0
    51     0000                     indf0           equ	0
    52     0002                     pc              equ	2
    53     0002                     pcl             equ	2
    54     000A                     pclath          equ	10
    55     0003                     status          equ	3
    56     0000                     INDF            equ	0	;# 
    57     0001                     TMR0            equ	1	;# 
    58     0002                     PCL             equ	2	;# 
    59     0003                     STATUS          equ	3	;# 
    60     0004                     FSR             equ	4	;# 
    61     0005                     PORTA           equ	5	;# 
    62     0006                     PORTB           equ	6	;# 
    63     0007                     PORTC           equ	7	;# 
    64     0008                     PORTD           equ	8	;# 
    65     0009                     PORTE           equ	9	;# 
    66     000A                     PCLATH          equ	10	;# 
    67     000B                     INTCON          equ	11	;# 
    68     000C                     PIR1            equ	12	;# 
    69     000D                     PIR2            equ	13	;# 
    70     000E                     TMR1            equ	14	;# 
    71     000E                     TMR1L           equ	14	;# 
    72     000F                     TMR1H           equ	15	;# 
    73     0010                     T1CON           equ	16	;# 
    74     0011                     TMR2            equ	17	;# 
    75     0012                     T2CON           equ	18	;# 
    76     0013                     SSPBUF          equ	19	;# 
    77     0014                     SSPCON          equ	20	;# 
    78     0015                     CCPR1           equ	21	;# 
    79     0015                     CCPR1L          equ	21	;# 
    80     0016                     CCPR1H          equ	22	;# 
    81     0017                     CCP1CON         equ	23	;# 
    82     0018                     RCSTA           equ	24	;# 
    83     0019                     TXREG           equ	25	;# 
    84     001A                     RCREG           equ	26	;# 
    85     001B                     CCPR2           equ	27	;# 
    86     001B                     CCPR2L          equ	27	;# 
    87     001C                     CCPR2H          equ	28	;# 
    88     001D                     CCP2CON         equ	29	;# 
    89     001E                     ADRESH          equ	30	;# 
    90     001F                     ADCON0          equ	31	;# 
    91     0081                     OPTION_REG      equ	129	;# 
    92     0085                     TRISA           equ	133	;# 
    93     0086                     TRISB           equ	134	;# 
    94     0087                     TRISC           equ	135	;# 
    95     0088                     TRISD           equ	136	;# 
    96     0089                     TRISE           equ	137	;# 
    97     008C                     PIE1            equ	140	;# 
    98     008D                     PIE2            equ	141	;# 
    99     008E                     PCON            equ	142	;# 
   100     008F                     OSCCON          equ	143	;# 
   101     0090                     OSCTUNE         equ	144	;# 
   102     0091                     SSPCON2         equ	145	;# 
   103     0092                     PR2             equ	146	;# 
   104     0093                     SSPADD          equ	147	;# 
   105     0093                     SSPMSK          equ	147	;# 
   106     0093                     MSK             equ	147	;# 
   107     0094                     SSPSTAT         equ	148	;# 
   108     0095                     WPUB            equ	149	;# 
   109     0096                     IOCB            equ	150	;# 
   110     0097                     VRCON           equ	151	;# 
   111     0098                     TXSTA           equ	152	;# 
   112     0099                     SPBRG           equ	153	;# 
   113     009A                     SPBRGH          equ	154	;# 
   114     009B                     PWM1CON         equ	155	;# 
   115     009C                     ECCPAS          equ	156	;# 
   116     009D                     PSTRCON         equ	157	;# 
   117     009E                     ADRESL          equ	158	;# 
   118     009F                     ADCON1          equ	159	;# 
   119     0105                     WDTCON          equ	261	;# 
   120     0107                     CM1CON0         equ	263	;# 
   121     0108                     CM2CON0         equ	264	;# 
   122     0109                     CM2CON1         equ	265	;# 
   123     010C                     EEDATA          equ	268	;# 
   124     010C                     EEDAT           equ	268	;# 
   125     010D                     EEADR           equ	269	;# 
   126     010E                     EEDATH          equ	270	;# 
   127     010F                     EEADRH          equ	271	;# 
   128     0185                     SRCON           equ	389	;# 
   129     0187                     BAUDCTL         equ	391	;# 
   130     0188                     ANSEL           equ	392	;# 
   131     0189                     ANSELH          equ	393	;# 
   132     018C                     EECON1          equ	396	;# 
   133     018D                     EECON2          equ	397	;# 
   134     0000                     INDF            equ	0	;# 
   135     0001                     TMR0            equ	1	;# 
   136     0002                     PCL             equ	2	;# 
   137     0003                     STATUS          equ	3	;# 
   138     0004                     FSR             equ	4	;# 
   139     0005                     PORTA           equ	5	;# 
   140     0006                     PORTB           equ	6	;# 
   141     0007                     PORTC           equ	7	;# 
   142     0008                     PORTD           equ	8	;# 
   143     0009                     PORTE           equ	9	;# 
   144     000A                     PCLATH          equ	10	;# 
   145     000B                     INTCON          equ	11	;# 
   146     000C                     PIR1            equ	12	;# 
   147     000D                     PIR2            equ	13	;# 
   148     000E                     TMR1            equ	14	;# 
   149     000E                     TMR1L           equ	14	;# 
   150     000F                     TMR1H           equ	15	;# 
   151     0010                     T1CON           equ	16	;# 
   152     0011                     TMR2            equ	17	;# 
   153     0012                     T2CON           equ	18	;# 
   154     0013                     SSPBUF          equ	19	;# 
   155     0014                     SSPCON          equ	20	;# 
   156     0015                     CCPR1           equ	21	;# 
   157     0015                     CCPR1L          equ	21	;# 
   158     0016                     CCPR1H          equ	22	;# 
   159     0017                     CCP1CON         equ	23	;# 
   160     0018                     RCSTA           equ	24	;# 
   161     0019                     TXREG           equ	25	;# 
   162     001A                     RCREG           equ	26	;# 
   163     001B                     CCPR2           equ	27	;# 
   164     001B                     CCPR2L          equ	27	;# 
   165     001C                     CCPR2H          equ	28	;# 
   166     001D                     CCP2CON         equ	29	;# 
   167     001E                     ADRESH          equ	30	;# 
   168     001F                     ADCON0          equ	31	;# 
   169     0081                     OPTION_REG      equ	129	;# 
   170     0085                     TRISA           equ	133	;# 
   171     0086                     TRISB           equ	134	;# 
   172     0087                     TRISC           equ	135	;# 
   173     0088                     TRISD           equ	136	;# 
   174     0089                     TRISE           equ	137	;# 
   175     008C                     PIE1            equ	140	;# 
   176     008D                     PIE2            equ	141	;# 
   177     008E                     PCON            equ	142	;# 
   178     008F                     OSCCON          equ	143	;# 
   179     0090                     OSCTUNE         equ	144	;# 
   180     0091                     SSPCON2         equ	145	;# 
   181     0092                     PR2             equ	146	;# 
   182     0093                     SSPADD          equ	147	;# 
   183     0093                     SSPMSK          equ	147	;# 
   184     0093                     MSK             equ	147	;# 
   185     0094                     SSPSTAT         equ	148	;# 
   186     0095                     WPUB            equ	149	;# 
   187     0096                     IOCB            equ	150	;# 
   188     0097                     VRCON           equ	151	;# 
   189     0098                     TXSTA           equ	152	;# 
   190     0099                     SPBRG           equ	153	;# 
   191     009A                     SPBRGH          equ	154	;# 
   192     009B                     PWM1CON         equ	155	;# 
   193     009C                     ECCPAS          equ	156	;# 
   194     009D                     PSTRCON         equ	157	;# 
   195     009E                     ADRESL          equ	158	;# 
   196     009F                     ADCON1          equ	159	;# 
   197     0105                     WDTCON          equ	261	;# 
   198     0107                     CM1CON0         equ	263	;# 
   199     0108                     CM2CON0         equ	264	;# 
   200     0109                     CM2CON1         equ	265	;# 
   201     010C                     EEDATA          equ	268	;# 
   202     010C                     EEDAT           equ	268	;# 
   203     010D                     EEADR           equ	269	;# 
   204     010E                     EEDATH          equ	270	;# 
   205     010F                     EEADRH          equ	271	;# 
   206     0185                     SRCON           equ	389	;# 
   207     0187                     BAUDCTL         equ	391	;# 
   208     0188                     ANSEL           equ	392	;# 
   209     0189                     ANSELH          equ	393	;# 
   210     018C                     EECON1          equ	396	;# 
   211     018D                     EECON2          equ	397	;# 
   212                           
   213                           	psect	strings
   214     0003                     __pstrings:
   215     0003                     stringtab:
   216     0003                     __stringtab:
   217     0003                     stringcode:	
   218                           ;	String table - string pointers are 1 byte each
   219                           
   220     0003                     stringdir:
   221     0003  3000               	movlw	high stringdir
   222     0004  008A               	movwf	10
   223     0005  0804               	movf	4,w
   224     0006  0A84               	incf	4,f
   225     0007  0782               	addwf	2,f
   226     0008                     __stringbase:
   227     0008  3400               	retlw	0
   228     0009                     __end_of__stringtab:
   229     0009                     _RIGHT_TO_LEFT_PATTERN:
   230     0009  3401               	retlw	1
   231     000A  3402               	retlw	2
   232     000B  3404               	retlw	4
   233     000C  3408               	retlw	8
   234     000D  3410               	retlw	16
   235     000E  3420               	retlw	32
   236     000F  3440               	retlw	64
   237     0010  3480               	retlw	128
   238     0011                     __end_of_RIGHT_TO_LEFT_PATTERN:
   239     0011                     _CENTER_TO_ENDS_PATTERN:
   240     0011  3418               	retlw	24
   241     0012  3424               	retlw	36
   242     0013  3442               	retlw	66
   243     0014  3481               	retlw	129
   244     0015                     __end_of_CENTER_TO_ENDS_PATTERN:
   245     0006                     _PORTB          set	6
   246     0007                     _PORTC          set	7
   247     0030                     _RB0            set	48
   248     0087                     _TRISC          set	135
   249     0096                     _IOCB           set	150
   250     0081                     _OPTION_REG     set	129
   251     0095                     _WPUB           set	149
   252     0086                     _TRISB          set	134
   253     0189                     _ANSELH         set	393
   254                           
   255                           	psect	cinit
   256     07FA                     start_initialization:	
   257                           ; #config settings
   258                           
   259     07FA                     __initialization:
   260                           
   261                           ; Clear objects allocated to COMMON
   262     07FA  01F3               	clrf	__pbssCOMMON& (0+127)
   263     07FB  01F4               	clrf	(__pbssCOMMON+1)& (0+127)
   264     07FC                     end_of_initialization:	
   265                           ;End of C runtime variable initialization code
   266                           
   267     07FC                     __end_of__initialization:
   268     07FC  0183               	clrf	3
   269     07FD  120A  118A  2F3A   	ljmp	_main	;jump to C main() function
   270                           
   271                           	psect	bssCOMMON
   272     0073                     __pbssCOMMON:
   273     0073                     _anim_index:
   274     0073                     	ds	1
   275     0074                     _current_animation:
   276     0074                     	ds	1
   277                           
   278                           	psect	cstackCOMMON
   279     0070                     __pcstackCOMMON:
   280     0070                     ?_handler_animation:
   281     0070                     ?_listener_buttons:	
   282                           ; 1 bytes @ 0x0
   283                           
   284     0070                     ?_main:	
   285                           ; 1 bytes @ 0x0
   286                           
   287     0070                     ??_handler_animation:	
   288                           ; 1 bytes @ 0x0
   289                           
   290     0070                     ??_listener_buttons:	
   291                           ; 1 bytes @ 0x0
   292                           
   293                           
   294                           ; 1 bytes @ 0x0
   295     0070                     	ds	3
   296     0073                     ??_main:
   297                           
   298                           	psect	maintext
   299     073A                     __pmaintext:	
   300                           ; 1 bytes @ 0x3
   301 ;;
   302 ;;Main: autosize = 0, tempsize = 0, incstack = 0, save=0
   303 ;;
   304 ;; *************** function _main *****************
   305 ;; Defined at:
   306 ;;		line 82 in file "exercise1.c"
   307 ;; Parameters:    Size  Location     Type
   308 ;;		None
   309 ;; Auto vars:     Size  Location     Type
   310 ;;		None
   311 ;; Return value:  Size  Location     Type
   312 ;;                  1    wreg      void 
   313 ;; Registers used:
   314 ;;		wreg, fsr0l, fsr0h, status,2, status,0, pclath, cstack
   315 ;; Tracked objects:
   316 ;;		On entry : B00/0
   317 ;;		On exit  : 0/0
   318 ;;		Unchanged: 0/0
   319 ;; Data sizes:     COMMON   BANK0   BANK1   BANK3   BANK2
   320 ;;      Params:         0       0       0       0       0
   321 ;;      Locals:         0       0       0       0       0
   322 ;;      Temps:          0       0       0       0       0
   323 ;;      Totals:         0       0       0       0       0
   324 ;;Total ram usage:        0 bytes
   325 ;; Hardware stack levels required when called: 2
   326 ;; This function calls:
   327 ;;		_handler_animation
   328 ;;		_listener_buttons
   329 ;; This function is called by:
   330 ;;		Startup code after reset
   331 ;; This function uses a non-reentrant model
   332 ;;
   333                           
   334     073A                     _main:	
   335                           ;psect for function _main
   336                           
   337     073A                     l723:	
   338                           ;incstack = 0
   339                           ; Regs used in _main: [wreg-fsr0h+status,2+status,0+pclath+cstack]
   340                           
   341     073A  1683               	bsf	3,5	;RP0=1, select bank3
   342     073B  1703               	bsf	3,6	;RP1=1, select bank3
   343     073C  0189               	clrf	9	;volatile
   344     073D  1283               	bcf	3,5	;RP0=0, select bank0
   345     073E  1303               	bcf	3,6	;RP1=0, select bank0
   346     073F  0186               	clrf	6	;volatile
   347     0740                     l725:
   348     0740  3001               	movlw	1
   349     0741  1683               	bsf	3,5	;RP0=1, select bank1
   350     0742  1303               	bcf	3,6	;RP1=0, select bank1
   351     0743  0086               	movwf	6	;volatile
   352     0744  0195               	clrf	21	;volatile
   353     0745                     l727:
   354     0745  30FF               	movlw	255
   355     0746  0081               	movwf	1	;volatile
   356     0747  0196               	clrf	22	;volatile
   357     0748  1283               	bcf	3,5	;RP0=0, select bank0
   358     0749  1303               	bcf	3,6	;RP1=0, select bank0
   359     074A  0187               	clrf	7	;volatile
   360     074B  1683               	bsf	3,5	;RP0=1, select bank1
   361     074C  1303               	bcf	3,6	;RP1=0, select bank1
   362     074D  0187               	clrf	7	;volatile
   363     074E                     l729:
   364     074E  120A  118A  275C  120A  118A  	fcall	_listener_buttons
   365     0753                     l731:
   366     0753  120A  118A  2784  120A  118A  	fcall	_handler_animation
   367     0758  2F4E               	goto	l729
   368     0759  120A  118A  2800   	ljmp	start
   369     075C                     __end_of_main:
   370                           
   371                           	psect	text1
   372     075C                     __ptext1:	
   373 ;; *************** function _listener_buttons *****************
   374 ;; Defined at:
   375 ;;		line 67 in file "exercise1.c"
   376 ;; Parameters:    Size  Location     Type
   377 ;;		None
   378 ;; Auto vars:     Size  Location     Type
   379 ;;		None
   380 ;; Return value:  Size  Location     Type
   381 ;;                  1    wreg      void 
   382 ;; Registers used:
   383 ;;		wreg, status,2, status,0
   384 ;; Tracked objects:
   385 ;;		On entry : 0/0
   386 ;;		On exit  : 0/0
   387 ;;		Unchanged: 0/0
   388 ;; Data sizes:     COMMON   BANK0   BANK1   BANK3   BANK2
   389 ;;      Params:         0       0       0       0       0
   390 ;;      Locals:         0       0       0       0       0
   391 ;;      Temps:          3       0       0       0       0
   392 ;;      Totals:         3       0       0       0       0
   393 ;;Total ram usage:        3 bytes
   394 ;; Hardware stack levels used: 1
   395 ;; This function calls:
   396 ;;		Nothing
   397 ;; This function is called by:
   398 ;;		_main
   399 ;; This function uses a non-reentrant model
   400 ;;
   401                           
   402     075C                     _listener_buttons:	
   403                           ;psect for function _listener_buttons
   404                           
   405     075C                     l651:	
   406                           ;incstack = 0
   407                           ; Regs used in _listener_buttons: [wreg+status,2+status,0]
   408                           
   409                           
   410                           ;exercise1.c: 68:     OPTION_REG = 0xFF;
   411     075C  1283               	bcf	3,5	;RP0=0, select bank0
   412     075D  1303               	bcf	3,6	;RP1=0, select bank0
   413     075E  1806               	btfsc	6,0	;volatile
   414     075F  2F61               	goto	u51
   415     0760  2F62               	goto	u50
   416     0761                     u51:
   417     0761  2F83               	goto	l51
   418     0762                     u50:
   419     0762                     l653:
   420                           
   421                           ;exercise1.c: 69:     IOCB = 0x00;
   422     0762  3002               	movlw	2
   423     0763  00F2               	movwf	??_listener_buttons+2
   424     0764  3045               	movlw	69
   425     0765  00F1               	movwf	??_listener_buttons+1
   426     0766  30A9               	movlw	169
   427     0767  00F0               	movwf	??_listener_buttons
   428     0768                     u137:
   429     0768  0BF0               	decfsz	??_listener_buttons,f
   430     0769  2F68               	goto	u137
   431     076A  0BF1               	decfsz	??_listener_buttons+1,f
   432     076B  2F68               	goto	u137
   433     076C  0BF2               	decfsz	??_listener_buttons+2,f
   434     076D  2F68               	goto	u137
   435     076E  2F6F               	nop2
   436     076F                     l655:
   437                           
   438                           ;exercise1.c: 70: 
   439     076F  1283               	bcf	3,5	;RP0=0, select bank0
   440     0770  1303               	bcf	3,6	;RP1=0, select bank0
   441     0771  1806               	btfsc	6,0	;volatile
   442     0772  2F74               	goto	u61
   443     0773  2F75               	goto	u60
   444     0774                     u61:
   445     0774  2F83               	goto	l51
   446     0775                     u60:
   447     0775                     l657:
   448                           
   449                           ;exercise1.c: 71: 
   450     0775  3001               	movlw	1
   451     0776  07F4               	addwf	_current_animation,f
   452     0777                     l659:
   453                           
   454                           ;exercise1.c: 72:     PORTC = 0x00;
   455     0777  01F3               	clrf	_anim_index
   456     0778                     l661:
   457                           
   458                           ;exercise1.c: 73:     TRISC = 0x00;
   459     0778  3005               	movlw	5
   460     0779  0274               	subwf	_current_animation,w
   461     077A  1C03               	skipc
   462     077B  2F7D               	goto	u71
   463     077C  2F7E               	goto	u70
   464     077D                     u71:
   465     077D  2F7F               	goto	l48
   466     077E                     u70:
   467     077E                     l663:
   468     077E  01F4               	clrf	_current_animation
   469     077F                     l48:
   470     077F  1C06               	btfss	6,0	;volatile
   471     0780  2F82               	goto	u81
   472     0781  2F83               	goto	u80
   473     0782                     u81:
   474     0782  2F7F               	goto	l48
   475     0783                     u80:
   476     0783                     l51:
   477     0783  0008               	return
   478     0784                     __end_of_listener_buttons:
   479                           
   480                           	psect	text2
   481     0784                     __ptext2:	
   482 ;; *************** function _handler_animation *****************
   483 ;; Defined at:
   484 ;;		line 32 in file "exercise1.c"
   485 ;; Parameters:    Size  Location     Type
   486 ;;		None
   487 ;; Auto vars:     Size  Location     Type
   488 ;;		None
   489 ;; Return value:  Size  Location     Type
   490 ;;                  1    wreg      void 
   491 ;; Registers used:
   492 ;;		wreg, fsr0l, fsr0h, status,2, status,0, pclath
   493 ;; Tracked objects:
   494 ;;		On entry : 0/0
   495 ;;		On exit  : 0/0
   496 ;;		Unchanged: 0/0
   497 ;; Data sizes:     COMMON   BANK0   BANK1   BANK3   BANK2
   498 ;;      Params:         0       0       0       0       0
   499 ;;      Locals:         0       0       0       0       0
   500 ;;      Temps:          3       0       0       0       0
   501 ;;      Totals:         3       0       0       0       0
   502 ;;Total ram usage:        3 bytes
   503 ;; Hardware stack levels used: 2
   504 ;; This function calls:
   505 ;;		Nothing
   506 ;; This function is called by:
   507 ;;		_main
   508 ;; This function uses a non-reentrant model
   509 ;;
   510                           
   511     0784                     _handler_animation:	
   512                           ;psect for function _handler_animation
   513                           
   514     0784                     l675:	
   515                           ;incstack = 0
   516                           ; Regs used in _handler_animation: [wreg-fsr0h+status,2+status,0+pclath]
   517                           
   518                           
   519                           ;exercise1.c: 33:             PORTC = CENTER_TO_ENDS_PATTERN[3 - anim_index];
   520     0784  2FEB               	goto	l721
   521     0785                     l677:
   522                           
   523                           ;exercise1.c: 35:             if (anim_index >= 4) anim_index = 0;
   524     0785  0873               	movf	_anim_index,w
   525     0786  3E01               	addlw	low ((_RIGHT_TO_LEFT_PATTERN-__stringbase)| (0+32768))
   526     0787  0084               	movwf	4
   527     0788  120A  118A  2003  120A  118A  	fcall	stringdir
   528     078D  1283               	bcf	3,5	;RP0=0, select bank0
   529     078E  1303               	bcf	3,6	;RP1=0, select bank0
   530     078F  0087               	movwf	7	;volatile
   531     0790                     l679:
   532                           
   533                           ;exercise1.c: 36:             _delay((unsigned long)((200)*(20000000/4000.0)));
   534     0790  3001               	movlw	1
   535     0791  07F3               	addwf	_anim_index,f
   536     0792                     l681:
   537                           
   538                           ;exercise1.c: 37:             break;
   539     0792  3008               	movlw	8
   540     0793  0273               	subwf	_anim_index,w
   541     0794  1C03               	skipc
   542     0795  2F97               	goto	u91
   543     0796  2F98               	goto	u90
   544     0797                     u91:
   545     0797  2F99               	goto	l685
   546     0798                     u90:
   547     0798                     l683:
   548     0798  01F3               	clrf	_anim_index
   549     0799                     l685:
   550                           
   551                           ;exercise1.c: 38:         default:
   552     0799  3006               	movlw	6
   553     079A  00F2               	movwf	??_handler_animation+2
   554     079B  3013               	movlw	19
   555     079C  00F1               	movwf	??_handler_animation+1
   556     079D  30AD               	movlw	173
   557     079E  00F0               	movwf	??_handler_animation
   558     079F                     u147:
   559     079F  0BF0               	decfsz	??_handler_animation,f
   560     07A0  2F9F               	goto	u147
   561     07A1  0BF1               	decfsz	??_handler_animation+1,f
   562     07A2  2F9F               	goto	u147
   563     07A3  0BF2               	decfsz	??_handler_animation+2,f
   564     07A4  2F9F               	goto	u147
   565     07A5  2FA6               	nop2
   566                           
   567                           ;exercise1.c: 39:             PORTC = 0x00;
   568     07A6  2FF9               	goto	l42
   569     07A7                     l687:
   570                           
   571                           ;exercise1.c: 41:     }
   572     07A7  3008               	movlw	(low (((_RIGHT_TO_LEFT_PATTERN-__stringbase)| (0+32768)+7)))& (0+255)
   573     07A8  00F0               	movwf	??_handler_animation
   574     07A9  0873               	movf	_anim_index,w
   575     07AA  0270               	subwf	??_handler_animation,w
   576     07AB  0084               	movwf	4
   577     07AC  120A  118A  2003  120A  118A  	fcall	stringdir
   578     07B1  1283               	bcf	3,5	;RP0=0, select bank0
   579     07B2  1303               	bcf	3,6	;RP1=0, select bank0
   580     07B3  0087               	movwf	7	;volatile
   581     07B4                     l689:
   582                           
   583                           ;exercise1.c: 42: }
   584     07B4  3001               	movlw	1
   585     07B5  07F3               	addwf	_anim_index,f
   586     07B6                     l691:
   587                           
   588                           ;exercise1.c: 43: 
   589     07B6  3008               	movlw	8
   590     07B7  0273               	subwf	_anim_index,w
   591     07B8  1C03               	skipc
   592     07B9  2FBB               	goto	u101
   593     07BA  2FBC               	goto	u100
   594     07BB                     u101:
   595     07BB  2F99               	goto	l685
   596     07BC                     u100:
   597     07BC  2F98               	goto	l683
   598     07BD                     l697:
   599                           
   600                           ;exercise1.c: 47: void listener_buttons() {
   601     07BD  0873               	movf	_anim_index,w
   602     07BE  3E09               	addlw	low ((_CENTER_TO_ENDS_PATTERN-__stringbase)| (0+32768))
   603     07BF  0084               	movwf	4
   604     07C0  120A  118A  2003  120A  118A  	fcall	stringdir
   605     07C5  1283               	bcf	3,5	;RP0=0, select bank0
   606     07C6  1303               	bcf	3,6	;RP1=0, select bank0
   607     07C7  0087               	movwf	7	;volatile
   608     07C8                     l699:
   609                           
   610                           ;exercise1.c: 48:     if (RB0 == 0) {
   611     07C8  3001               	movlw	1
   612     07C9  07F3               	addwf	_anim_index,f
   613     07CA                     l701:
   614                           
   615                           ;exercise1.c: 49:         _delay((unsigned long)((50)*(20000000/4000.0)));
   616     07CA  3004               	movlw	4
   617     07CB  0273               	subwf	_anim_index,w
   618     07CC  1C03               	skipc
   619     07CD  2FCF               	goto	u111
   620     07CE  2FD0               	goto	u110
   621     07CF                     u111:
   622     07CF  2F99               	goto	l685
   623     07D0                     u110:
   624     07D0  2F98               	goto	l683
   625     07D1                     l707:
   626                           
   627                           ;exercise1.c: 53:             if(current_animation > 4) current_animation = 0;
   628     07D1  300C               	movlw	(low (((_CENTER_TO_ENDS_PATTERN-__stringbase)| (0+32768)+3)))& (0+255)
   629     07D2  00F0               	movwf	??_handler_animation
   630     07D3  0873               	movf	_anim_index,w
   631     07D4  0270               	subwf	??_handler_animation,w
   632     07D5  0084               	movwf	4
   633     07D6  120A  118A  2003  120A  118A  	fcall	stringdir
   634     07DB  1283               	bcf	3,5	;RP0=0, select bank0
   635     07DC  1303               	bcf	3,6	;RP1=0, select bank0
   636     07DD  0087               	movwf	7	;volatile
   637     07DE                     l709:
   638                           
   639                           ;exercise1.c: 54:             while(RB0 == 0);
   640     07DE  3001               	movlw	1
   641     07DF  07F3               	addwf	_anim_index,f
   642     07E0                     l711:
   643                           
   644                           ;exercise1.c: 55:         }
   645     07E0  3004               	movlw	4
   646     07E1  0273               	subwf	_anim_index,w
   647     07E2  1C03               	skipc
   648     07E3  2FE5               	goto	u121
   649     07E4  2FE6               	goto	u120
   650     07E5                     u121:
   651     07E5  2F99               	goto	l685
   652     07E6                     u120:
   653     07E6  2F98               	goto	l683
   654     07E7                     l717:
   655                           
   656                           ;exercise1.c: 59: 
   657     07E7  1283               	bcf	3,5	;RP0=0, select bank0
   658     07E8  1303               	bcf	3,6	;RP1=0, select bank0
   659     07E9  0187               	clrf	7	;volatile
   660                           
   661                           ;exercise1.c: 60: 
   662     07EA  2FF9               	goto	l42
   663     07EB                     l721:
   664     07EB  0874               	movf	_current_animation,w
   665                           
   666                           ; Switch size 1, requested type "simple"
   667                           ; Number of cases is 4, Range of values is 1 to 4
   668                           ; switch strategies available:
   669                           ; Name         Instructions Cycles
   670                           ; simple_byte           13     7 (average)
   671                           ; direct_byte           23    11 (fixed)
   672                           ; jumptable            263     9 (fixed)
   673                           ;	Chosen strategy is simple_byte
   674     07EC  3A01               	xorlw	1	; case 1
   675     07ED  1903               	skipnz
   676     07EE  2F85               	goto	l677
   677     07EF  3A03               	xorlw	3	; case 2
   678     07F0  1903               	skipnz
   679     07F1  2FA7               	goto	l687
   680     07F2  3A01               	xorlw	1	; case 3
   681     07F3  1903               	skipnz
   682     07F4  2FBD               	goto	l697
   683     07F5  3A07               	xorlw	7	; case 4
   684     07F6  1903               	skipnz
   685     07F7  2FD1               	goto	l707
   686     07F8  2FE7               	goto	l717
   687     07F9                     l42:
   688     07F9  0008               	return
   689     07FA                     __end_of_handler_animation:
   690     0002                     ___latbits      equ	2
   691     007E                     btemp           set	126	;btemp
   692     007E                     btemp0          set	126
   693     007F                     btemp1          set	127
   694     007E                     wtemp0          set	126
   695     007F                     wtemp0a         set	127
   696     007F                     ttemp0a         set	127
   697     0080                     ltemp0a         set	128
   698                           
   699                           	psect	config
   700                           
   701                           ;Config register CONFIG1 @ 0x2007
   702                           ;	Oscillator Selection bits
   703                           ;	FOSC = HS, HS oscillator: High-speed crystal/resonator on RA6/OSC2/CLKOUT and RA7/OSC1
      +                          /CLKIN
   704                           ;	Watchdog Timer Enable bit
   705                           ;	WDTE = OFF, WDT disabled and can be enabled by SWDTEN bit of the WDTCON register
   706                           ;	Power-up Timer Enable bit
   707                           ;	PWRTE = OFF, PWRT disabled
   708                           ;	RE3/MCLR pin function select bit
   709                           ;	MCLRE = ON, RE3/MCLR pin function is MCLR
   710                           ;	Code Protection bit
   711                           ;	CP = OFF, Program memory code protection is disabled
   712                           ;	Data Code Protection bit
   713                           ;	CPD = OFF, Data memory code protection is disabled
   714                           ;	Brown Out Reset Selection bits
   715                           ;	BOREN = OFF, BOR disabled
   716                           ;	Internal External Switchover bit
   717                           ;	IESO = OFF, Internal/External Switchover mode is disabled
   718                           ;	Fail-Safe Clock Monitor Enabled bit
   719                           ;	FCMEN = OFF, Fail-Safe Clock Monitor is disabled
   720                           ;	Low Voltage Programming Enable bit
   721                           ;	LVP = OFF, RB3 pin has digital I/O, HV on MCLR must be used for programming
   722                           ;	In-Circuit Debugger Mode bit
   723                           ;	DEBUG = OFF, In-Circuit Debugger disabled, RB6/ICSPCLK and RB7/ICSPDAT are general pur
      +                          pose I/O pins
   724     2007                     	org	8199
   725     2007  20F2               	dw	8434

Data Sizes:
    Strings     0
    Constant    12
    Data        0
    BSS         2
    Persistent  0
    Stack       0

Auto Spaces:
    Space          Size  Autos    Used
    COMMON           14      3       5
    BANK0            80      0       0
    BANK1            80      0       0
    BANK3            96      0       0
    BANK2            96      0       0

Pointer List with Targets:

    None.

Critical Paths under _main in COMMON

    _main->_handler_animation
    _main->_listener_buttons

Critical Paths under _main in BANK0

    None.

Critical Paths under _main in BANK1

    None.

Critical Paths under _main in BANK3

    None.

Critical Paths under _main in BANK2

    None.

Call Graph Tables:

 ---------------------------------------------------------------------------------
 (Depth) Function   	        Calls       Base Space   Used Autos Params    Refs
 ---------------------------------------------------------------------------------
 (0) _main                                                 0     0      0       0
                  _handler_animation
                   _listener_buttons
 ---------------------------------------------------------------------------------
 (1) _listener_buttons                                     3     3      0       0
                                              0 COMMON     3     3      0
 ---------------------------------------------------------------------------------
 (2) _handler_animation                                    3     3      0       0
                                              0 COMMON     3     3      0
 ---------------------------------------------------------------------------------
 Estimated maximum stack depth 2
 ---------------------------------------------------------------------------------

 Call Graph Graphs:

 _main (ROOT)
   _handler_animation
   _listener_buttons

Address spaces:
Name               Size   Autos  Total    Usage
BITCOMMON           14      0       0      0.0%
BITBANK0            80      0       0      0.0%
BITBANK1            80      0       0      0.0%
BITBANK3            96      0       0      0.0%
BITBANK2            96      0       0      0.0%
COMMON              14      3       5     35.7%
BANK0               80      0       0      0.0%
BANK1               80      0       0      0.0%
BANK3               96      0       0      0.0%
BANK2               96      0       0      0.0%
STACK                0      0       0      0.0%
DATA                 0      0       5      0.0%


Microchip Technology PIC Macro Assembler V3.10 build 20250813170317 
Symbol Table                                                                                   Thu Sep 11 17:28:39 2025

                             pc 0002                              l42 07F9                              l51 0783  
                            l48 077F                              u50 0762                              u51 0761  
                            u60 0775                              u61 0774                              u70 077E  
                            u71 077D                              u80 0783                              u81 0782  
                            u90 0798                              u91 0797                              fsr 0004  
                           l701 07CA                             l711 07E0                             l721 07EB  
                           l707 07D1                             l651 075C                             l731 0753  
                           l723 073A                             l717 07E7                             l709 07DE  
                           l661 0778                             l653 0762                             l725 0740  
                           l663 077E                             l655 076F                             l727 0745  
                           l681 0792                             l657 0775                             l729 074E  
                           l691 07B6                             l683 0798                             l675 0784  
                           l659 0777                             l685 0799                             l677 0785  
                           l687 07A7                             l679 0790                             l697 07BD  
                           l689 07B4                             l699 07C8                             _RB0 0030  
                           u100 07BC                             u101 07BB                             u110 07D0  
                           u111 07CF                             u120 07E6                             u121 07E5  
                           u137 0768                             u147 079F                             fsr0 0004  
                          _IOCB 0096                            _WPUB 0095                            _main 073A  
                          btemp 007E                            start 0000                           ?_main 0070  
                         _PORTB 0006                           _PORTC 0007                           _TRISB 0086  
                         _TRISC 0087                           btemp0 007E                           btemp1 007F  
                         pclath 000A                           status 0003                           wtemp0 007E  
               __initialization 07FA                    __end_of_main 075C                          ??_main 0073  
                        _ANSELH 0189   __end_of_RIGHT_TO_LEFT_PATTERN 0011                          ltemp0a 0080  
                        ttemp0a 007F                          wtemp0a 007F         __end_of__initialization 07FC  
                __pcstackCOMMON 0070          _CENTER_TO_ENDS_PATTERN 0011                _listener_buttons 075C  
                    __pmaintext 073A                      _anim_index 0073                      __stringtab 0003  
                       __ptext1 075C                         __ptext2 0784            end_of_initialization 07FC  
           start_initialization 07FA           _RIGHT_TO_LEFT_PATTERN 0009        __end_of_listener_buttons 0784  
__end_of_CENTER_TO_ENDS_PATTERN 0015                     __pbssCOMMON 0073                       ___latbits 0002  
                     __pstrings 0003               _handler_animation 0784              ?_handler_animation 0070  
           ??_handler_animation 0070                     __stringbase 0008       __end_of_handler_animation 07FA  
            __end_of__stringtab 0009               ?_listener_buttons 0070              ??_listener_buttons 0070  
                     stringcode 0003                      _OPTION_REG 0081                        stringdir 0003  
                      stringtab 0003               _current_animation 0074  
